apr 22, 2013 11:24:59 AM org.apache.catalina.core.AprLifecycleListener init
INFO: The APR based Apache Tomcat Native library which allows optimal performance in production environments was not found on the java.library.path: C:\Program Files\Java\jdk1.7.0_11\bin;C:\Windows\Sun\Java\bin;C:\Windows\system32;C:\Windows;C:\Program Files (x86)\NVIDIA Corporation\PhysX\Common;D:\app\Emanuela\product\11.2.0\dbhome_1\bin;C:\Program Files (x86)\Intel\iCLS Client\;C:\Program Files\Intel\iCLS Client\;C:\Windows\system32;C:\Windows;C:\Windows\System32\Wbem;C:\Windows\System32\WindowsPowerShell\v1.0\;C:\Program Files (x86)\Intel\OpenCL SDK\2.0\bin\x86;C:\Program Files (x86)\Intel\OpenCL SDK\2.0\bin\x64;C:\Program Files\Intel\Intel(R) Management Engine Components\DAL;C:\Program Files\Intel\Intel(R) Management Engine Components\IPT;C:\Program Files (x86)\Intel\Intel(R) Management Engine Components\DAL;C:\Program Files (x86)\Intel\Intel(R) Management Engine Components\IPT;C:\Program Files\Diskeeper Corporation\ExpressCache\; C:\Program Files\Java\jdk1.7.0_11;C:\Program Files\Java\jdk1.7.0_11\bin;.
apr 22, 2013 11:24:59 AM org.apache.coyote.http11.Http11Protocol init
INFO: Initializing Coyote HTTP/1.1 on http-8080
apr 22, 2013 11:24:59 AM org.apache.catalina.startup.Catalina load
INFO: Initialization processed in 506 ms
apr 22, 2013 11:24:59 AM org.apache.catalina.core.StandardService start
INFO: Starting service Catalina
apr 22, 2013 11:24:59 AM org.apache.catalina.core.StandardEngine start
INFO: Starting Servlet Engine: Apache Tomcat/6.0.36
apr 22, 2013 11:24:59 AM org.apache.catalina.startup.HostConfig deployDirectory
INFO: Deploying web application directory docs
apr 22, 2013 11:24:59 AM org.apache.catalina.startup.HostConfig deployDirectory
INFO: Deploying web application directory examples
apr 22, 2013 11:24:59 AM org.apache.catalina.startup.HostConfig deployDirectory
INFO: Deploying web application directory host-manager
apr 22, 2013 11:24:59 AM org.apache.catalina.startup.HostConfig deployDirectory
INFO: Deploying web application directory manager
apr 22, 2013 11:24:59 AM org.apache.catalina.startup.HostConfig deployDirectory
INFO: Deploying web application directory ROOT
apr 22, 2013 11:24:59 AM org.apache.coyote.http11.Http11Protocol start
INFO: Starting Coyote HTTP/1.1 on http-8080
apr 22, 2013 11:25:00 AM org.apache.jk.common.ChannelSocket init
INFO: JK: ajp13 listening on /0.0.0.0:8009
apr 22, 2013 11:25:00 AM org.apache.jk.server.JkMain start
INFO: Jk running ID=0 time=0/19  config=null
apr 22, 2013 11:25:00 AM org.apache.catalina.startup.Catalina start
INFO: Server startup in 640 ms
apr 22, 2013 11:50:57 AM org.apache.catalina.startup.HostConfig deployWAR
INFO: Deploying web application archive WebSBLGestLogin.war
apr 22, 2013 11:51:52 AM org.apache.catalina.loader.WebappClassLoader checkThreadLocalMapForLeaks
SEVERE: The web application [/WebSBLGestLogin] created a ThreadLocal with key of type [org.apache.axiom.util.UIDGenerator$1] (value [org.apache.axiom.util.UIDGenerator$1@5473f8ac]) and a value of type [long[]] (value [[J@9cb0f85]) but failed to remove it when the web application was stopped. This is very likely to create a memory leak.
apr 22, 2013 11:51:52 AM org.apache.catalina.startup.HostConfig checkResources
INFO: Undeploying context [/WebSBLGestLogin]
