mag 03, 2013 12:06:42 PM org.apache.catalina.core.AprLifecycleListener init
INFO: The APR based Apache Tomcat Native library which allows optimal performance in production environments was not found on the java.library.path: C:\Program Files\Java\jdk1.7.0_11\bin;C:\Windows\Sun\Java\bin;C:\Windows\system32;C:\Windows;C:\Program Files (x86)\NVIDIA Corporation\PhysX\Common;D:\app\Emanuela\product\11.2.0\dbhome_1\bin;C:\Program Files (x86)\Intel\iCLS Client\;C:\Program Files\Intel\iCLS Client\;C:\Windows\system32;C:\Windows;C:\Windows\System32\Wbem;C:\Windows\System32\WindowsPowerShell\v1.0\;C:\Program Files (x86)\Intel\OpenCL SDK\2.0\bin\x86;C:\Program Files (x86)\Intel\OpenCL SDK\2.0\bin\x64;C:\Program Files\Intel\Intel(R) Management Engine Components\DAL;C:\Program Files\Intel\Intel(R) Management Engine Components\IPT;C:\Program Files (x86)\Intel\Intel(R) Management Engine Components\DAL;C:\Program Files (x86)\Intel\Intel(R) Management Engine Components\IPT;C:\Program Files\Diskeeper Corporation\ExpressCache\; C:\Program Files\Java\jdk1.7.0_11;C:\Program Files\Java\jdk1.7.0_11\bin;.
mag 03, 2013 12:06:42 PM org.apache.tomcat.util.digester.SetPropertiesRule begin
WARNING: [SetPropertiesRule]{Server/Service/Engine/Host/Context} Setting property 'source' to 'org.eclipse.jst.jee.server:GestioneLogin' did not find a matching property.
mag 03, 2013 12:06:42 PM org.apache.tomcat.util.digester.SetPropertiesRule begin
WARNING: [SetPropertiesRule]{Server/Service/Engine/Host/Context} Setting property 'source' to 'org.eclipse.jst.jee.server:PresentationLayer' did not find a matching property.
mag 03, 2013 12:06:42 PM org.apache.tomcat.util.digester.SetPropertiesRule begin
WARNING: [SetPropertiesRule]{Server/Service/Engine/Host/Context} Setting property 'source' to 'org.eclipse.jst.jee.server:PresLayerEd' did not find a matching property.
mag 03, 2013 12:06:42 PM org.apache.tomcat.util.digester.SetPropertiesRule begin
WARNING: [SetPropertiesRule]{Server/Service/Engine/Host/Context} Setting property 'source' to 'org.eclipse.jst.jee.server:WebSBLGestLogin' did not find a matching property.
mag 03, 2013 12:06:42 PM org.apache.coyote.http11.Http11Protocol init
INFO: Initializing Coyote HTTP/1.1 on http-8080
mag 03, 2013 12:06:42 PM org.apache.catalina.startup.Catalina load
INFO: Initialization processed in 649 ms
mag 03, 2013 12:06:42 PM org.apache.catalina.core.StandardService start
INFO: Starting service Catalina
mag 03, 2013 12:06:42 PM org.apache.catalina.core.StandardEngine start
INFO: Starting Servlet Engine: Apache Tomcat/6.0.36
mag 03, 2013 12:06:47 PM org.apache.catalina.startup.HostConfig deployDescriptor
INFO: Deploying configuration descriptor host-manager.xml
mag 03, 2013 12:06:47 PM org.apache.catalina.startup.HostConfig deployDescriptor
INFO: Deploying configuration descriptor manager.xml
mag 03, 2013 12:06:47 PM org.apache.catalina.startup.HostConfig deployWAR
INFO: Deploying web application archive axis2.war
mag 03, 2013 12:06:48 PM org.apache.catalina.startup.HostConfig deployDirectory
INFO: Deploying web application directory docs
mag 03, 2013 12:06:48 PM org.apache.catalina.startup.HostConfig deployDirectory
INFO: Deploying web application directory examples
mag 03, 2013 12:06:48 PM org.apache.catalina.startup.HostConfig deployDirectory
INFO: Deploying web application directory ROOT
mag 03, 2013 12:06:48 PM org.apache.coyote.http11.Http11Protocol start
INFO: Starting Coyote HTTP/1.1 on http-8080
mag 03, 2013 12:06:48 PM org.apache.jk.common.ChannelSocket init
INFO: JK: ajp13 listening on /0.0.0.0:8009
mag 03, 2013 12:06:48 PM org.apache.jk.server.JkMain start
INFO: Jk running ID=0 time=0/24  config=null
mag 03, 2013 12:06:48 PM org.apache.catalina.startup.Catalina start
INFO: Server startup in 5711 ms
mag 03, 2013 12:07:34 PM org.apache.coyote.http11.Http11Protocol pause
INFO: Pausing Coyote HTTP/1.1 on http-8080
mag 03, 2013 12:07:35 PM org.apache.catalina.core.StandardService stop
INFO: Stopping service Catalina
mag 03, 2013 12:07:35 PM org.apache.catalina.loader.WebappClassLoader checkThreadLocalMapForLeaks
SEVERE: The web application [/axis2] created a ThreadLocal with key of type [org.apache.axiom.util.UIDGenerator$1] (value [org.apache.axiom.util.UIDGenerator$1@be72834]) and a value of type [long[]] (value [[J@75007406]) but failed to remove it when the web application was stopped. This is very likely to create a memory leak.
mag 03, 2013 12:07:35 PM org.apache.catalina.loader.WebappClassLoader clearReferencesJdbc
SEVERE: The web application [/WebSBLGestLogin] registered the JDBC driver [oracle.jdbc.OracleDriver] but failed to unregister it when the web application was stopped. To prevent a memory leak, the JDBC Driver has been forcibly unregistered.
mag 03, 2013 12:07:35 PM org.apache.catalina.loader.WebappClassLoader checkThreadLocalMapForLeaks
SEVERE: The web application [/WebSBLGestLogin] created a ThreadLocal with key of type [org.apache.axiom.util.UIDGenerator$1] (value [org.apache.axiom.util.UIDGenerator$1@372eab1]) and a value of type [long[]] (value [[J@6d8e0c3b]) but failed to remove it when the web application was stopped. This is very likely to create a memory leak.
mag 03, 2013 12:07:36 PM org.apache.catalina.loader.WebappClassLoader clearReferencesThreads
SEVERE: The web application [/PresLayerEd] appears to have started a thread named [Scheduler_Worker-1] but has failed to stop it. This is very likely to create a memory leak.
mag 03, 2013 12:07:36 PM org.apache.catalina.loader.WebappClassLoader clearReferencesThreads
SEVERE: The web application [/PresLayerEd] appears to have started a thread named [Scheduler_Worker-2] but has failed to stop it. This is very likely to create a memory leak.
mag 03, 2013 12:07:36 PM org.apache.catalina.loader.WebappClassLoader clearReferencesThreads
SEVERE: The web application [/PresLayerEd] appears to have started a thread named [Scheduler_Worker-3] but has failed to stop it. This is very likely to create a memory leak.
mag 03, 2013 12:07:36 PM org.apache.catalina.loader.WebappClassLoader checkThreadLocalMapForLeaks
SEVERE: The web application [/PresLayerEd] created a ThreadLocal with key of type [java.lang.ThreadLocal] (value [java.lang.ThreadLocal@4483075e]) and a value of type [com.opensymphony.xwork2.inject.ContainerImpl] (value [com.opensymphony.xwork2.inject.ContainerImpl@7658cf75]) but failed to remove it when the web application was stopped. This is very likely to create a memory leak.
mag 03, 2013 12:07:36 PM org.apache.catalina.loader.WebappClassLoader checkThreadLocalMapForLeaks
SEVERE: The web application [/PresLayerEd] created a ThreadLocal with key of type [org.apache.axiom.util.UIDGenerator$1] (value [org.apache.axiom.util.UIDGenerator$1@409c4706]) and a value of type [long[]] (value [[J@53fafc0d]) but failed to remove it when the web application was stopped. This is very likely to create a memory leak.
mag 03, 2013 12:07:36 PM org.apache.catalina.loader.WebappClassLoader checkThreadLocalMapForLeaks
SEVERE: The web application [/PresLayerEd] created a ThreadLocal with key of type [org.apache.axiom.util.UIDGenerator$1] (value [org.apache.axiom.util.UIDGenerator$1@409c4706]) and a value of type [long[]] (value [[J@2b9e48e]) but failed to remove it when the web application was stopped. This is very likely to create a memory leak.
mag 03, 2013 12:07:36 PM org.apache.catalina.loader.WebappClassLoader checkThreadLocalMapForLeaks
SEVERE: The web application [/PresLayerEd] created a ThreadLocal with key of type [org.apache.axiom.util.UIDGenerator$1] (value [org.apache.axiom.util.UIDGenerator$1@409c4706]) and a value of type [long[]] (value [[J@7a4c2807]) but failed to remove it when the web application was stopped. This is very likely to create a memory leak.
mag 03, 2013 12:07:36 PM org.apache.catalina.loader.WebappClassLoader checkThreadLocalMapForLeaks
SEVERE: The web application [/PresLayerEd] created a ThreadLocal with key of type [org.apache.axiom.util.UIDGenerator$1] (value [org.apache.axiom.util.UIDGenerator$1@409c4706]) and a value of type [long[]] (value [[J@1dd8224b]) but failed to remove it when the web application was stopped. This is very likely to create a memory leak.
mag 03, 2013 12:07:36 PM org.apache.coyote.http11.Http11Protocol destroy
INFO: Stopping Coyote HTTP/1.1 on http-8080
