15-apr-2013 21.21.50 org.apache.catalina.core.AprLifecycleListener init
INFO: Loaded APR based Apache Tomcat Native library 1.1.23 using APR version 1.4.6.
15-apr-2013 21.21.50 org.apache.catalina.core.AprLifecycleListener init
INFO: APR capabilities: IPv6 [true], sendfile [true], accept filters [false], random [true].
15-apr-2013 21.21.50 org.apache.tomcat.util.digester.SetPropertiesRule begin
AVVERTENZA: [SetPropertiesRule]{Server/Service/Engine/Host/Context} Setting property 'source' to 'org.eclipse.jst.jee.server:PresentationLayer' did not find a matching property.
15-apr-2013 21.21.50 org.apache.tomcat.util.digester.SetPropertiesRule begin
AVVERTENZA: [SetPropertiesRule]{Server/Service/Engine/Host/Context} Setting property 'source' to 'org.eclipse.jst.jee.server:GestioneLogin' did not find a matching property.
15-apr-2013 21.21.51 org.apache.catalina.core.AprLifecycleListener initializeSSL
INFO: OpenSSL successfully initialized with version OpenSSL 1.0.0g 18 Jan 2012
15-apr-2013 21.21.51 org.apache.coyote.http11.Http11AprProtocol init
INFO: Initializing Coyote HTTP/1.1 on http-8080
15-apr-2013 21.21.51 org.apache.coyote.ajp.AjpAprProtocol init
INFO: Initializing Coyote AJP/1.3 on ajp-8009
15-apr-2013 21.21.51 org.apache.catalina.startup.Catalina load
INFO: Initialization processed in 1216 ms
15-apr-2013 21.21.51 org.apache.catalina.core.StandardService start
INFO: Starting service Catalina
15-apr-2013 21.21.51 org.apache.catalina.core.StandardEngine start
INFO: Starting Servlet Engine: Apache Tomcat/6.0.36
15-apr-2013 21.21.54 org.apache.catalina.startup.HostConfig deployDescriptor
INFO: Deploying configuration descriptor host-manager.xml
15-apr-2013 21.21.54 org.apache.catalina.startup.HostConfig deployDescriptor
INFO: Deploying configuration descriptor manager.xml
15-apr-2013 21.21.54 org.apache.catalina.startup.HostConfig deployWAR
INFO: Deploying web application archive axis2.war
15-apr-2013 21.21.55 org.apache.catalina.startup.HostConfig deployDirectory
INFO: Deploying web application directory docs
15-apr-2013 21.21.55 org.apache.catalina.startup.HostConfig deployDirectory
INFO: Deploying web application directory examples
15-apr-2013 21.21.56 org.apache.catalina.startup.HostConfig deployDirectory
INFO: Deploying web application directory ROOT
15-apr-2013 21.21.56 org.apache.coyote.http11.Http11AprProtocol start
INFO: Starting Coyote HTTP/1.1 on http-8080
15-apr-2013 21.21.56 org.apache.coyote.ajp.AjpAprProtocol start
INFO: Starting Coyote AJP/1.3 on ajp-8009
15-apr-2013 21.21.56 org.apache.catalina.startup.Catalina start
INFO: Server startup in 4495 ms
15-apr-2013 21.27.32 org.apache.coyote.http11.Http11AprProtocol pause
INFO: Pausing Coyote HTTP/1.1 on http-8080
