apr 22, 2013 10:54:06 AM org.apache.catalina.core.ApplicationContext log
INFO: ContextListener: contextInitialized()
apr 22, 2013 10:54:06 AM org.apache.catalina.core.ApplicationContext log
INFO: SessionListener: contextInitialized()
apr 22, 2013 11:15:01 AM org.apache.catalina.core.ApplicationContext log
INFO: SessionListener: contextDestroyed()
apr 22, 2013 11:15:01 AM org.apache.catalina.core.ApplicationContext log
INFO: ContextListener: contextDestroyed()
apr 22, 2013 11:18:12 AM org.apache.catalina.core.ApplicationContext log
INFO: ContextListener: contextInitialized()
apr 22, 2013 11:18:12 AM org.apache.catalina.core.ApplicationContext log
INFO: SessionListener: contextInitialized()
apr 22, 2013 11:19:22 AM org.apache.catalina.core.ApplicationContext log
INFO: SessionListener: contextDestroyed()
apr 22, 2013 11:19:22 AM org.apache.catalina.core.ApplicationContext log
INFO: ContextListener: contextDestroyed()
apr 22, 2013 11:22:50 AM org.apache.catalina.core.ApplicationContext log
INFO: ContextListener: contextInitialized()
apr 22, 2013 11:22:50 AM org.apache.catalina.core.ApplicationContext log
INFO: SessionListener: contextInitialized()
apr 22, 2013 11:24:56 AM org.apache.catalina.core.ApplicationContext log
INFO: SessionListener: contextDestroyed()
apr 22, 2013 11:24:56 AM org.apache.catalina.core.ApplicationContext log
INFO: ContextListener: contextDestroyed()
apr 22, 2013 6:37:05 PM org.apache.catalina.core.ApplicationContext log
INFO: ContextListener: contextInitialized()
apr 22, 2013 6:37:05 PM org.apache.catalina.core.ApplicationContext log
INFO: SessionListener: contextInitialized()
