3-mag-2013 22.54.48 org.apache.catalina.core.AprLifecycleListener init
INFO: Loaded APR based Apache Tomcat Native library 1.1.23 using APR version 1.4.6.
3-mag-2013 22.54.48 org.apache.catalina.core.AprLifecycleListener init
INFO: APR capabilities: IPv6 [true], sendfile [true], accept filters [false], random [true].
3-mag-2013 22.54.49 org.apache.catalina.core.AprLifecycleListener initializeSSL
INFO: OpenSSL successfully initialized with version OpenSSL 1.0.0g 18 Jan 2012
3-mag-2013 22.54.49 org.apache.coyote.http11.Http11AprProtocol init
INFO: Initializing Coyote HTTP/1.1 on http-8080
3-mag-2013 22.54.49 org.apache.coyote.ajp.AjpAprProtocol init
INFO: Initializing Coyote AJP/1.3 on ajp-8009
3-mag-2013 22.54.49 org.apache.catalina.startup.Catalina load
INFO: Initialization processed in 952 ms
3-mag-2013 22.54.49 org.apache.catalina.core.StandardService start
INFO: Starting service Catalina
3-mag-2013 22.54.49 org.apache.catalina.core.StandardEngine start
INFO: Starting Servlet Engine: Apache Tomcat/6.0.36
3-mag-2013 22.54.49 org.apache.catalina.startup.HostConfig deployDescriptor
INFO: Deploying configuration descriptor host-manager.xml
3-mag-2013 22.54.49 org.apache.catalina.startup.HostConfig deployDescriptor
INFO: Deploying configuration descriptor manager.xml
3-mag-2013 22.54.49 org.apache.catalina.startup.HostConfig deployDirectory
INFO: Deploying web application directory docs
3-mag-2013 22.54.49 org.apache.catalina.startup.HostConfig deployDirectory
INFO: Deploying web application directory examples
3-mag-2013 22.54.50 org.apache.catalina.startup.HostConfig deployDirectory
INFO: Deploying web application directory ROOT
3-mag-2013 22.54.50 org.apache.coyote.http11.Http11AprProtocol start
INFO: Starting Coyote HTTP/1.1 on http-8080
3-mag-2013 22.54.50 org.apache.coyote.ajp.AjpAprProtocol start
INFO: Starting Coyote AJP/1.3 on ajp-8009
3-mag-2013 22.54.50 org.apache.catalina.startup.Catalina start
INFO: Server startup in 544 ms
3-mag-2013 22.55.47 org.apache.catalina.startup.HostConfig deployWAR
INFO: Deploying web application archive WebSBLGestLogin.war
3-mag-2013 22.56.11 org.apache.catalina.startup.HostConfig deployWAR
INFO: Deploying web application archive PresLayerEd.war
3-mag-2013 22.57.55 org.apache.coyote.http11.Http11AprProtocol pause
INFO: Pausing Coyote HTTP/1.1 on http-8080
3-mag-2013 22.57.55 org.apache.coyote.ajp.AjpAprProtocol pause
INFO: Pausing Coyote AJP/1.3 on ajp-8009
3-mag-2013 22.57.56 org.apache.catalina.core.StandardService stop
INFO: Stopping service Catalina
3-mag-2013 22.57.56 org.apache.catalina.loader.WebappClassLoader clearReferencesJdbc
GRAVE: The web application [/WebSBLGestLogin] registered the JDBC driver [oracle.jdbc.OracleDriver] but failed to unregister it when the web application was stopped. To prevent a memory leak, the JDBC Driver has been forcibly unregistered.
3-mag-2013 22.57.56 org.apache.catalina.loader.WebappClassLoader checkThreadLocalMapForLeaks
GRAVE: The web application [/WebSBLGestLogin] created a ThreadLocal with key of type [org.apache.axiom.util.UIDGenerator$1] (value [org.apache.axiom.util.UIDGenerator$1@1665a0d]) and a value of type [long[]] (value [[J@a22e0c]) but failed to remove it when the web application was stopped. This is very likely to create a memory leak.
3-mag-2013 22.57.56 org.apache.catalina.loader.WebappClassLoader clearReferencesThreads
GRAVE: The web application [/PresLayerEd] appears to have started a thread named [Scheduler_Worker-1] but has failed to stop it. This is very likely to create a memory leak.
3-mag-2013 22.57.56 org.apache.catalina.loader.WebappClassLoader clearReferencesThreads
GRAVE: The web application [/PresLayerEd] appears to have started a thread named [Scheduler_Worker-2] but has failed to stop it. This is very likely to create a memory leak.
3-mag-2013 22.57.56 org.apache.catalina.loader.WebappClassLoader clearReferencesThreads
GRAVE: The web application [/PresLayerEd] appears to have started a thread named [Scheduler_Worker-3] but has failed to stop it. This is very likely to create a memory leak.
3-mag-2013 22.57.56 org.apache.catalina.loader.WebappClassLoader checkThreadLocalMapForLeaks
GRAVE: The web application [/PresLayerEd] created a ThreadLocal with key of type [java.lang.ThreadLocal] (value [java.lang.ThreadLocal@1c8e80d]) and a value of type [com.opensymphony.xwork2.inject.ContainerImpl] (value [com.opensymphony.xwork2.inject.ContainerImpl@fadb88]) but failed to remove it when the web application was stopped. This is very likely to create a memory leak.
3-mag-2013 22.57.56 org.apache.catalina.loader.WebappClassLoader checkThreadLocalMapForLeaks
GRAVE: The web application [/PresLayerEd] created a ThreadLocal with key of type [org.apache.axiom.util.UIDGenerator$1] (value [org.apache.axiom.util.UIDGenerator$1@162c87a]) and a value of type [long[]] (value [[J@57f389]) but failed to remove it when the web application was stopped. This is very likely to create a memory leak.
3-mag-2013 22.57.56 org.apache.catalina.loader.WebappClassLoader checkThreadLocalMapForLeaks
GRAVE: The web application [/PresLayerEd] created a ThreadLocal with key of type [java.lang.ThreadLocal] (value [java.lang.ThreadLocal@1c8e80d]) and a value of type [com.opensymphony.xwork2.inject.ContainerImpl] (value [com.opensymphony.xwork2.inject.ContainerImpl@fadb88]) but failed to remove it when the web application was stopped. This is very likely to create a memory leak.
3-mag-2013 22.57.56 org.apache.catalina.loader.WebappClassLoader checkThreadLocalMapForLeaks
GRAVE: The web application [/PresLayerEd] created a ThreadLocal with key of type [org.apache.axiom.util.UIDGenerator$1] (value [org.apache.axiom.util.UIDGenerator$1@162c87a]) and a value of type [long[]] (value [[J@35b5e8]) but failed to remove it when the web application was stopped. This is very likely to create a memory leak.
3-mag-2013 22.57.56 org.apache.catalina.loader.WebappClassLoader checkThreadLocalMapForLeaks
GRAVE: The web application [/PresLayerEd] created a ThreadLocal with key of type [java.lang.ThreadLocal] (value [java.lang.ThreadLocal@1c8e80d]) and a value of type [com.opensymphony.xwork2.inject.ContainerImpl] (value [com.opensymphony.xwork2.inject.ContainerImpl@fadb88]) but failed to remove it when the web application was stopped. This is very likely to create a memory leak.
3-mag-2013 22.57.56 org.apache.catalina.loader.WebappClassLoader checkThreadLocalMapForLeaks
GRAVE: The web application [/PresLayerEd] created a ThreadLocal with key of type [org.apache.axiom.util.UIDGenerator$1] (value [org.apache.axiom.util.UIDGenerator$1@162c87a]) and a value of type [long[]] (value [[J@39bc82]) but failed to remove it when the web application was stopped. This is very likely to create a memory leak.
3-mag-2013 22.57.56 org.apache.catalina.loader.WebappClassLoader checkThreadLocalMapForLeaks
GRAVE: The web application [/PresLayerEd] created a ThreadLocal with key of type [org.apache.axiom.util.UIDGenerator$1] (value [org.apache.axiom.util.UIDGenerator$1@162c87a]) and a value of type [long[]] (value [[J@871dcc]) but failed to remove it when the web application was stopped. This is very likely to create a memory leak.
3-mag-2013 22.57.56 org.apache.catalina.loader.WebappClassLoader checkThreadLocalMapForLeaks
GRAVE: The web application [/PresLayerEd] created a ThreadLocal with key of type [org.apache.axiom.util.UIDGenerator$1] (value [org.apache.axiom.util.UIDGenerator$1@162c87a]) and a value of type [long[]] (value [[J@b551e4]) but failed to remove it when the web application was stopped. This is very likely to create a memory leak.
3-mag-2013 22.57.56 org.apache.coyote.http11.Http11AprProtocol destroy
INFO: Stopping Coyote HTTP/1.1 on http-8080
3-mag-2013 22.57.56 org.apache.coyote.ajp.AjpAprProtocol destroy
INFO: Stopping Coyote AJP/1.3 on ajp-8009
3-mag-2013 23.01.45 org.apache.catalina.core.AprLifecycleListener init
INFO: Loaded APR based Apache Tomcat Native library 1.1.23 using APR version 1.4.6.
3-mag-2013 23.01.45 org.apache.catalina.core.AprLifecycleListener init
INFO: APR capabilities: IPv6 [true], sendfile [true], accept filters [false], random [true].
3-mag-2013 23.01.45 org.apache.catalina.core.AprLifecycleListener initializeSSL
INFO: OpenSSL successfully initialized with version OpenSSL 1.0.0g 18 Jan 2012
3-mag-2013 23.01.46 org.apache.coyote.http11.Http11AprProtocol init
INFO: Initializing Coyote HTTP/1.1 on http-8080
3-mag-2013 23.01.46 org.apache.coyote.ajp.AjpAprProtocol init
INFO: Initializing Coyote AJP/1.3 on ajp-8009
3-mag-2013 23.01.46 org.apache.catalina.startup.Catalina load
INFO: Initialization processed in 965 ms
3-mag-2013 23.01.46 org.apache.catalina.core.StandardService start
INFO: Starting service Catalina
3-mag-2013 23.01.46 org.apache.catalina.core.StandardEngine start
INFO: Starting Servlet Engine: Apache Tomcat/6.0.36
3-mag-2013 23.01.46 org.apache.catalina.startup.HostConfig deployDescriptor
INFO: Deploying configuration descriptor host-manager.xml
3-mag-2013 23.01.46 org.apache.catalina.startup.HostConfig deployDescriptor
INFO: Deploying configuration descriptor manager.xml
3-mag-2013 23.01.46 org.apache.catalina.startup.HostConfig deployWAR
INFO: Deploying web application archive PresLayerEd.war
3-mag-2013 23.01.48 org.apache.catalina.startup.HostConfig deployWAR
INFO: Deploying web application archive WebSBLGestLogin.war
3-mag-2013 23.01.49 org.apache.catalina.startup.HostConfig deployDirectory
INFO: Deploying web application directory docs
3-mag-2013 23.01.49 org.apache.catalina.startup.HostConfig deployDirectory
INFO: Deploying web application directory examples
3-mag-2013 23.01.49 org.apache.catalina.startup.HostConfig deployDirectory
INFO: Deploying web application directory ROOT
3-mag-2013 23.01.49 org.apache.coyote.http11.Http11AprProtocol start
INFO: Starting Coyote HTTP/1.1 on http-8080
3-mag-2013 23.01.49 org.apache.coyote.ajp.AjpAprProtocol start
INFO: Starting Coyote AJP/1.3 on ajp-8009
3-mag-2013 23.01.49 org.apache.catalina.startup.Catalina start
INFO: Server startup in 3733 ms
3-mag-2013 23.05.32 org.apache.coyote.http11.Http11AprProtocol pause
INFO: Pausing Coyote HTTP/1.1 on http-8080
3-mag-2013 23.05.32 org.apache.coyote.ajp.AjpAprProtocol pause
INFO: Pausing Coyote AJP/1.3 on ajp-8009
3-mag-2013 23.05.33 org.apache.catalina.core.StandardService stop
INFO: Stopping service Catalina
3-mag-2013 23.05.33 org.apache.catalina.loader.WebappClassLoader clearReferencesJdbc
GRAVE: The web application [/WebSBLGestLogin] registered the JDBC driver [oracle.jdbc.OracleDriver] but failed to unregister it when the web application was stopped. To prevent a memory leak, the JDBC Driver has been forcibly unregistered.
3-mag-2013 23.05.33 org.apache.catalina.loader.WebappClassLoader checkThreadLocalMapForLeaks
GRAVE: The web application [/WebSBLGestLogin] created a ThreadLocal with key of type [org.apache.axiom.util.UIDGenerator$1] (value [org.apache.axiom.util.UIDGenerator$1@16c1857]) and a value of type [long[]] (value [[J@1b1fd9c]) but failed to remove it when the web application was stopped. This is very likely to create a memory leak.
3-mag-2013 23.05.34 org.apache.catalina.loader.WebappClassLoader clearReferencesThreads
GRAVE: The web application [/PresLayerEd] appears to have started a thread named [Scheduler_Worker-1] but has failed to stop it. This is very likely to create a memory leak.
3-mag-2013 23.05.34 org.apache.catalina.loader.WebappClassLoader clearReferencesThreads
GRAVE: The web application [/PresLayerEd] appears to have started a thread named [Scheduler_Worker-2] but has failed to stop it. This is very likely to create a memory leak.
3-mag-2013 23.05.34 org.apache.catalina.loader.WebappClassLoader clearReferencesThreads
GRAVE: The web application [/PresLayerEd] appears to have started a thread named [Scheduler_Worker-3] but has failed to stop it. This is very likely to create a memory leak.
3-mag-2013 23.05.34 org.apache.catalina.loader.WebappClassLoader checkThreadLocalMapForLeaks
GRAVE: The web application [/PresLayerEd] created a ThreadLocal with key of type [org.apache.axiom.util.UIDGenerator$1] (value [org.apache.axiom.util.UIDGenerator$1@1e90abf]) and a value of type [long[]] (value [[J@c0b3d1]) but failed to remove it when the web application was stopped. This is very likely to create a memory leak.
3-mag-2013 23.05.34 org.apache.catalina.loader.WebappClassLoader checkThreadLocalMapForLeaks
GRAVE: The web application [/PresLayerEd] created a ThreadLocal with key of type [java.lang.ThreadLocal] (value [java.lang.ThreadLocal@15d63da]) and a value of type [com.opensymphony.xwork2.inject.ContainerImpl] (value [com.opensymphony.xwork2.inject.ContainerImpl@46b75b]) but failed to remove it when the web application was stopped. This is very likely to create a memory leak.
3-mag-2013 23.05.34 org.apache.catalina.loader.WebappClassLoader checkThreadLocalMapForLeaks
GRAVE: The web application [/PresLayerEd] created a ThreadLocal with key of type [org.apache.axiom.util.UIDGenerator$1] (value [org.apache.axiom.util.UIDGenerator$1@1e90abf]) and a value of type [long[]] (value [[J@afcd0c]) but failed to remove it when the web application was stopped. This is very likely to create a memory leak.
3-mag-2013 23.05.34 org.apache.catalina.loader.WebappClassLoader checkThreadLocalMapForLeaks
GRAVE: The web application [/PresLayerEd] created a ThreadLocal with key of type [org.apache.axiom.util.UIDGenerator$1] (value [org.apache.axiom.util.UIDGenerator$1@1e90abf]) and a value of type [long[]] (value [[J@1bed348]) but failed to remove it when the web application was stopped. This is very likely to create a memory leak.
3-mag-2013 23.05.34 org.apache.catalina.loader.WebappClassLoader checkThreadLocalMapForLeaks
GRAVE: The web application [/PresLayerEd] created a ThreadLocal with key of type [org.apache.axiom.util.UIDGenerator$1] (value [org.apache.axiom.util.UIDGenerator$1@1e90abf]) and a value of type [long[]] (value [[J@12143d8]) but failed to remove it when the web application was stopped. This is very likely to create a memory leak.
3-mag-2013 23.05.34 org.apache.catalina.loader.WebappClassLoader checkThreadLocalMapForLeaks
GRAVE: The web application [/PresLayerEd] created a ThreadLocal with key of type [java.lang.ThreadLocal] (value [java.lang.ThreadLocal@15d63da]) and a value of type [com.opensymphony.xwork2.inject.ContainerImpl] (value [com.opensymphony.xwork2.inject.ContainerImpl@46b75b]) but failed to remove it when the web application was stopped. This is very likely to create a memory leak.
3-mag-2013 23.05.34 org.apache.catalina.loader.WebappClassLoader checkThreadLocalMapForLeaks
GRAVE: The web application [/PresLayerEd] created a ThreadLocal with key of type [org.apache.axiom.util.UIDGenerator$1] (value [org.apache.axiom.util.UIDGenerator$1@1e90abf]) and a value of type [long[]] (value [[J@ed3007]) but failed to remove it when the web application was stopped. This is very likely to create a memory leak.
3-mag-2013 23.05.34 org.apache.catalina.loader.WebappClassLoader checkThreadLocalMapForLeaks
GRAVE: The web application [/PresLayerEd] created a ThreadLocal with key of type [java.lang.ThreadLocal] (value [java.lang.ThreadLocal@15d63da]) and a value of type [com.opensymphony.xwork2.inject.ContainerImpl] (value [com.opensymphony.xwork2.inject.ContainerImpl@46b75b]) but failed to remove it when the web application was stopped. This is very likely to create a memory leak.
3-mag-2013 23.05.34 org.apache.catalina.loader.WebappClassLoader checkThreadLocalMapForLeaks
GRAVE: The web application [/PresLayerEd] created a ThreadLocal with key of type [org.apache.axiom.util.UIDGenerator$1] (value [org.apache.axiom.util.UIDGenerator$1@1e90abf]) and a value of type [long[]] (value [[J@1ec264c]) but failed to remove it when the web application was stopped. This is very likely to create a memory leak.
3-mag-2013 23.05.34 org.apache.catalina.loader.WebappClassLoader checkThreadLocalMapForLeaks
GRAVE: The web application [/PresLayerEd] created a ThreadLocal with key of type [java.lang.ThreadLocal] (value [java.lang.ThreadLocal@15d63da]) and a value of type [com.opensymphony.xwork2.inject.ContainerImpl] (value [com.opensymphony.xwork2.inject.ContainerImpl@46b75b]) but failed to remove it when the web application was stopped. This is very likely to create a memory leak.
3-mag-2013 23.05.34 org.apache.coyote.http11.Http11AprProtocol destroy
INFO: Stopping Coyote HTTP/1.1 on http-8080
3-mag-2013 23.05.34 org.apache.coyote.ajp.AjpAprProtocol destroy
INFO: Stopping Coyote AJP/1.3 on ajp-8009
3-mag-2013 23.23.11 org.apache.catalina.core.AprLifecycleListener init
INFO: Loaded APR based Apache Tomcat Native library 1.1.23 using APR version 1.4.6.
3-mag-2013 23.23.11 org.apache.catalina.core.AprLifecycleListener init
INFO: APR capabilities: IPv6 [true], sendfile [true], accept filters [false], random [true].
3-mag-2013 23.23.12 org.apache.catalina.core.AprLifecycleListener initializeSSL
INFO: OpenSSL successfully initialized with version OpenSSL 1.0.0g 18 Jan 2012
3-mag-2013 23.23.12 org.apache.coyote.http11.Http11AprProtocol init
INFO: Initializing Coyote HTTP/1.1 on http-8080
3-mag-2013 23.23.12 org.apache.coyote.ajp.AjpAprProtocol init
INFO: Initializing Coyote AJP/1.3 on ajp-8009
3-mag-2013 23.23.12 org.apache.catalina.startup.Catalina load
INFO: Initialization processed in 989 ms
3-mag-2013 23.23.12 org.apache.catalina.core.StandardService start
INFO: Starting service Catalina
3-mag-2013 23.23.12 org.apache.catalina.core.StandardEngine start
INFO: Starting Servlet Engine: Apache Tomcat/6.0.36
3-mag-2013 23.23.12 org.apache.catalina.startup.HostConfig deployDescriptor
INFO: Deploying configuration descriptor host-manager.xml
3-mag-2013 23.23.12 org.apache.catalina.startup.HostConfig deployDescriptor
INFO: Deploying configuration descriptor manager.xml
3-mag-2013 23.23.12 org.apache.catalina.startup.HostConfig deployWAR
INFO: Deploying web application archive PresLayerEd.war
3-mag-2013 23.23.15 org.apache.catalina.startup.HostConfig deployWAR
INFO: Deploying web application archive WebSBLGestLogin.war
3-mag-2013 23.23.16 org.apache.catalina.startup.HostConfig deployDirectory
INFO: Deploying web application directory docs
3-mag-2013 23.23.16 org.apache.catalina.startup.HostConfig deployDirectory
INFO: Deploying web application directory examples
3-mag-2013 23.23.16 org.apache.catalina.startup.HostConfig deployDirectory
INFO: Deploying web application directory ROOT
3-mag-2013 23.23.16 org.apache.coyote.http11.Http11AprProtocol start
INFO: Starting Coyote HTTP/1.1 on http-8080
3-mag-2013 23.23.16 org.apache.coyote.ajp.AjpAprProtocol start
INFO: Starting Coyote AJP/1.3 on ajp-8009
3-mag-2013 23.23.16 org.apache.catalina.startup.Catalina start
INFO: Server startup in 3864 ms
3-mag-2013 23.24.14 org.apache.catalina.loader.WebappClassLoader clearReferencesThreads
GRAVE: The web application [/PresLayerEd] appears to have started a thread named [Scheduler_Worker-1] but has failed to stop it. This is very likely to create a memory leak.
3-mag-2013 23.24.14 org.apache.catalina.loader.WebappClassLoader clearReferencesThreads
GRAVE: The web application [/PresLayerEd] appears to have started a thread named [Scheduler_Worker-2] but has failed to stop it. This is very likely to create a memory leak.
3-mag-2013 23.24.14 org.apache.catalina.loader.WebappClassLoader clearReferencesThreads
GRAVE: The web application [/PresLayerEd] appears to have started a thread named [Scheduler_Worker-3] but has failed to stop it. This is very likely to create a memory leak.
3-mag-2013 23.24.14 org.apache.catalina.loader.WebappClassLoader checkThreadLocalMapForLeaks
GRAVE: The web application [/PresLayerEd] created a ThreadLocal with key of type [org.apache.axiom.util.UIDGenerator$1] (value [org.apache.axiom.util.UIDGenerator$1@1004a1a]) and a value of type [long[]] (value [[J@11d95]) but failed to remove it when the web application was stopped. This is very likely to create a memory leak.
3-mag-2013 23.24.14 org.apache.catalina.loader.WebappClassLoader checkThreadLocalMapForLeaks
GRAVE: The web application [/PresLayerEd] created a ThreadLocal with key of type [java.lang.ThreadLocal] (value [java.lang.ThreadLocal@13d4c49]) and a value of type [com.opensymphony.xwork2.inject.ContainerImpl] (value [com.opensymphony.xwork2.inject.ContainerImpl@15b5783]) but failed to remove it when the web application was stopped. This is very likely to create a memory leak.
3-mag-2013 23.24.14 org.apache.catalina.loader.WebappClassLoader checkThreadLocalMapForLeaks
GRAVE: The web application [/PresLayerEd] created a ThreadLocal with key of type [org.apache.axiom.util.UIDGenerator$1] (value [org.apache.axiom.util.UIDGenerator$1@1004a1a]) and a value of type [long[]] (value [[J@1ce9085]) but failed to remove it when the web application was stopped. This is very likely to create a memory leak.
3-mag-2013 23.24.14 org.apache.catalina.loader.WebappClassLoader checkThreadLocalMapForLeaks
GRAVE: The web application [/PresLayerEd] created a ThreadLocal with key of type [org.apache.axiom.util.UIDGenerator$1] (value [org.apache.axiom.util.UIDGenerator$1@1004a1a]) and a value of type [long[]] (value [[J@722969]) but failed to remove it when the web application was stopped. This is very likely to create a memory leak.
3-mag-2013 23.24.14 org.apache.catalina.loader.WebappClassLoader checkThreadLocalMapForLeaks
GRAVE: The web application [/PresLayerEd] created a ThreadLocal with key of type [org.apache.axiom.util.UIDGenerator$1] (value [org.apache.axiom.util.UIDGenerator$1@1004a1a]) and a value of type [long[]] (value [[J@fcc13d]) but failed to remove it when the web application was stopped. This is very likely to create a memory leak.
3-mag-2013 23.24.14 org.apache.catalina.loader.WebappClassLoader checkThreadLocalMapForLeaks
GRAVE: The web application [/PresLayerEd] created a ThreadLocal with key of type [java.lang.ThreadLocal] (value [java.lang.ThreadLocal@13d4c49]) and a value of type [com.opensymphony.xwork2.inject.ContainerImpl] (value [com.opensymphony.xwork2.inject.ContainerImpl@15b5783]) but failed to remove it when the web application was stopped. This is very likely to create a memory leak.
3-mag-2013 23.24.15 org.apache.catalina.startup.HostConfig checkResources
INFO: Undeploying context [/PresLayerEd]
3-mag-2013 23.24.19 org.apache.catalina.loader.WebappClassLoader clearReferencesJdbc
GRAVE: The web application [/WebSBLGestLogin] registered the JDBC driver [oracle.jdbc.OracleDriver] but failed to unregister it when the web application was stopped. To prevent a memory leak, the JDBC Driver has been forcibly unregistered.
3-mag-2013 23.24.19 org.apache.catalina.loader.WebappClassLoader checkThreadLocalMapForLeaks
GRAVE: The web application [/WebSBLGestLogin] created a ThreadLocal with key of type [org.apache.axiom.util.UIDGenerator$1] (value [org.apache.axiom.util.UIDGenerator$1@1b01949]) and a value of type [long[]] (value [[J@4c2849]) but failed to remove it when the web application was stopped. This is very likely to create a memory leak.
3-mag-2013 23.24.19 org.apache.catalina.loader.WebappClassLoader loadClass
INFO: Illegal access: this web application instance has been stopped already.  Could not load org.apache.log4j.spi.NOPLoggerRepository.  The eventual following stack trace is caused by an error thrown for debugging purposes as well as to attempt to terminate the thread which caused the illegal access, and has no functional impact.
java.lang.IllegalStateException
	at org.apache.catalina.loader.WebappClassLoader.loadClass(WebappClassLoader.java:1566)
	at org.apache.catalina.loader.WebappClassLoader.loadClass(WebappClassLoader.java:1526)
	at org.apache.log4j.LogManager.getLoggerRepository(LogManager.java:175)
	at org.apache.log4j.LogManager.getLogger(LogManager.java:199)
	at org.apache.log4j.Logger.getLogger(Logger.java:105)
	at org.apache.commons.logging.impl.Log4JLogger.getLogger(Log4JLogger.java:289)
	at org.apache.commons.logging.impl.Log4JLogger.<init>(Log4JLogger.java:109)
	at sun.reflect.NativeConstructorAccessorImpl.newInstance0(Native Method)
	at sun.reflect.NativeConstructorAccessorImpl.newInstance(NativeConstructorAccessorImpl.java:39)
	at sun.reflect.DelegatingConstructorAccessorImpl.newInstance(DelegatingConstructorAccessorImpl.java:27)
	at java.lang.reflect.Constructor.newInstance(Constructor.java:513)
	at org.apache.commons.logging.impl.LogFactoryImpl.createLogFromClass(LogFactoryImpl.java:1116)
	at org.apache.commons.logging.impl.LogFactoryImpl.discoverLogImplementation(LogFactoryImpl.java:914)
	at org.apache.commons.logging.impl.LogFactoryImpl.newInstance(LogFactoryImpl.java:604)
	at org.apache.commons.logging.impl.LogFactoryImpl.getInstance(LogFactoryImpl.java:336)
	at org.apache.commons.logging.impl.LogFactoryImpl.getInstance(LogFactoryImpl.java:310)
	at org.apache.commons.logging.LogFactory.getLog(LogFactory.java:685)
	at org.apache.axis2.util.OnDemandLogger.getLog(OnDemandLogger.java:53)
	at org.apache.axis2.util.OnDemandLogger.isDebugEnabled(OnDemandLogger.java:120)
	at org.apache.axis2.context.ConfigurationContext.shutdownModulesAndServices(ConfigurationContext.java:733)
	at org.apache.axis2.context.ConfigurationContext.terminate(ConfigurationContext.java:775)
	at org.apache.axis2.client.ServiceClient.cleanup(ServiceClient.java:828)
	at org.apache.axis2.client.Stub.cleanup(Stub.java:134)
	at org.apache.axis2.client.Stub.finalize(Stub.java:123)
	at java.lang.ref.Finalizer.invokeFinalizeMethod(Native Method)
	at java.lang.ref.Finalizer.runFinalizer(Finalizer.java:83)
	at java.lang.ref.Finalizer.access$100(Finalizer.java:14)
	at java.lang.ref.Finalizer$FinalizerThread.run(Finalizer.java:160)
3-mag-2013 23.24.19 org.apache.catalina.loader.WebappClassLoader loadClass
INFO: Illegal access: this web application instance has been stopped already.  Could not load org.apache.commons.logging.impl.LogFactoryImpl$3.  The eventual following stack trace is caused by an error thrown for debugging purposes as well as to attempt to terminate the thread which caused the illegal access, and has no functional impact.
java.lang.IllegalStateException
	at org.apache.catalina.loader.WebappClassLoader.loadClass(WebappClassLoader.java:1566)
	at org.apache.catalina.loader.WebappClassLoader.loadClass(WebappClassLoader.java:1526)
	at org.apache.commons.logging.impl.LogFactoryImpl.getParentClassLoader(LogFactoryImpl.java:700)
	at org.apache.commons.logging.impl.LogFactoryImpl.createLogFromClass(LogFactoryImpl.java:1187)
	at org.apache.commons.logging.impl.LogFactoryImpl.discoverLogImplementation(LogFactoryImpl.java:914)
	at org.apache.commons.logging.impl.LogFactoryImpl.newInstance(LogFactoryImpl.java:604)
	at org.apache.commons.logging.impl.LogFactoryImpl.getInstance(LogFactoryImpl.java:336)
	at org.apache.commons.logging.impl.LogFactoryImpl.getInstance(LogFactoryImpl.java:310)
	at org.apache.commons.logging.LogFactory.getLog(LogFactory.java:685)
	at org.apache.axis2.util.OnDemandLogger.getLog(OnDemandLogger.java:53)
	at org.apache.axis2.util.OnDemandLogger.isDebugEnabled(OnDemandLogger.java:120)
	at org.apache.axis2.context.ConfigurationContext.shutdownModulesAndServices(ConfigurationContext.java:733)
	at org.apache.axis2.context.ConfigurationContext.terminate(ConfigurationContext.java:775)
	at org.apache.axis2.client.ServiceClient.cleanup(ServiceClient.java:828)
	at org.apache.axis2.client.Stub.cleanup(Stub.java:134)
	at org.apache.axis2.client.Stub.finalize(Stub.java:123)
	at java.lang.ref.Finalizer.invokeFinalizeMethod(Native Method)
	at java.lang.ref.Finalizer.runFinalizer(Finalizer.java:83)
	at java.lang.ref.Finalizer.access$100(Finalizer.java:14)
	at java.lang.ref.Finalizer$FinalizerThread.run(Finalizer.java:160)
3-mag-2013 23.24.19 org.apache.catalina.startup.HostConfig checkResources
INFO: Undeploying context [/WebSBLGestLogin]
3-mag-2013 23.27.18 org.apache.catalina.startup.HostConfig deployWAR
INFO: Deploying web application archive WebSBLGestLogin.war
3-mag-2013 23.27.32 org.apache.catalina.startup.HostConfig deployWAR
INFO: Deploying web application archive PresLayerEd.war
3-mag-2013 23.29.50 org.apache.coyote.http11.Http11AprProtocol pause
INFO: Pausing Coyote HTTP/1.1 on http-8080
3-mag-2013 23.29.50 org.apache.coyote.ajp.AjpAprProtocol pause
INFO: Pausing Coyote AJP/1.3 on ajp-8009
3-mag-2013 23.29.51 org.apache.catalina.core.StandardService stop
INFO: Stopping service Catalina
3-mag-2013 23.29.52 org.apache.catalina.loader.WebappClassLoader clearReferencesJdbc
GRAVE: The web application [/WebSBLGestLogin] registered the JDBC driver [oracle.jdbc.OracleDriver] but failed to unregister it when the web application was stopped. To prevent a memory leak, the JDBC Driver has been forcibly unregistered.
3-mag-2013 23.29.52 org.apache.catalina.loader.WebappClassLoader clearReferencesThreads
GRAVE: The web application [/WebSBLGestLogin] appears to have started a thread named [Timer-5] but has failed to stop it. This is very likely to create a memory leak.
3-mag-2013 23.29.52 org.apache.catalina.loader.WebappClassLoader checkThreadLocalMapForLeaks
GRAVE: The web application [/WebSBLGestLogin] created a ThreadLocal with key of type [org.apache.axiom.util.UIDGenerator$1] (value [org.apache.axiom.util.UIDGenerator$1@b29562]) and a value of type [long[]] (value [[J@6d70fc]) but failed to remove it when the web application was stopped. This is very likely to create a memory leak.
3-mag-2013 23.29.52 org.apache.catalina.loader.WebappClassLoader clearReferencesThreads
GRAVE: The web application [/PresLayerEd] appears to have started a thread named [Scheduler_Worker-1] but has failed to stop it. This is very likely to create a memory leak.
3-mag-2013 23.29.52 org.apache.catalina.loader.WebappClassLoader clearReferencesThreads
GRAVE: The web application [/PresLayerEd] appears to have started a thread named [Scheduler_Worker-2] but has failed to stop it. This is very likely to create a memory leak.
3-mag-2013 23.29.52 org.apache.catalina.loader.WebappClassLoader clearReferencesThreads
GRAVE: The web application [/PresLayerEd] appears to have started a thread named [Scheduler_Worker-3] but has failed to stop it. This is very likely to create a memory leak.
3-mag-2013 23.29.52 org.apache.catalina.loader.WebappClassLoader checkThreadLocalMapForLeaks
GRAVE: The web application [/PresLayerEd] created a ThreadLocal with key of type [java.lang.ThreadLocal] (value [java.lang.ThreadLocal@cf590]) and a value of type [com.opensymphony.xwork2.inject.ContainerImpl] (value [com.opensymphony.xwork2.inject.ContainerImpl@ce0197]) but failed to remove it when the web application was stopped. This is very likely to create a memory leak.
3-mag-2013 23.29.52 org.apache.catalina.loader.WebappClassLoader checkThreadLocalMapForLeaks
GRAVE: The web application [/PresLayerEd] created a ThreadLocal with key of type [org.apache.axiom.util.UIDGenerator$1] (value [org.apache.axiom.util.UIDGenerator$1@ca62f7]) and a value of type [long[]] (value [[J@1277ffa]) but failed to remove it when the web application was stopped. This is very likely to create a memory leak.
3-mag-2013 23.29.52 org.apache.catalina.loader.WebappClassLoader checkThreadLocalMapForLeaks
GRAVE: The web application [/PresLayerEd] created a ThreadLocal with key of type [java.lang.ThreadLocal] (value [java.lang.ThreadLocal@cf590]) and a value of type [com.opensymphony.xwork2.inject.ContainerImpl] (value [com.opensymphony.xwork2.inject.ContainerImpl@ce0197]) but failed to remove it when the web application was stopped. This is very likely to create a memory leak.
3-mag-2013 23.29.52 org.apache.catalina.loader.WebappClassLoader checkThreadLocalMapForLeaks
GRAVE: The web application [/PresLayerEd] created a ThreadLocal with key of type [org.apache.axiom.util.UIDGenerator$1] (value [org.apache.axiom.util.UIDGenerator$1@ca62f7]) and a value of type [long[]] (value [[J@433333]) but failed to remove it when the web application was stopped. This is very likely to create a memory leak.
3-mag-2013 23.29.52 org.apache.catalina.loader.WebappClassLoader checkThreadLocalMapForLeaks
GRAVE: The web application [/PresLayerEd] created a ThreadLocal with key of type [org.apache.axiom.util.UIDGenerator$1] (value [org.apache.axiom.util.UIDGenerator$1@ca62f7]) and a value of type [long[]] (value [[J@1d67b41]) but failed to remove it when the web application was stopped. This is very likely to create a memory leak.
3-mag-2013 23.29.52 org.apache.catalina.loader.WebappClassLoader checkThreadLocalMapForLeaks
GRAVE: The web application [/PresLayerEd] created a ThreadLocal with key of type [org.apache.axiom.util.UIDGenerator$1] (value [org.apache.axiom.util.UIDGenerator$1@ca62f7]) and a value of type [long[]] (value [[J@360e46]) but failed to remove it when the web application was stopped. This is very likely to create a memory leak.
3-mag-2013 23.29.52 org.apache.coyote.http11.Http11AprProtocol destroy
INFO: Stopping Coyote HTTP/1.1 on http-8080
3-mag-2013 23.29.52 org.apache.coyote.ajp.AjpAprProtocol destroy
INFO: Stopping Coyote AJP/1.3 on ajp-8009
3-mag-2013 23.31.29 org.apache.catalina.core.AprLifecycleListener init
INFO: Loaded APR based Apache Tomcat Native library 1.1.23 using APR version 1.4.6.
3-mag-2013 23.31.29 org.apache.catalina.core.AprLifecycleListener init
INFO: APR capabilities: IPv6 [true], sendfile [true], accept filters [false], random [true].
3-mag-2013 23.31.29 org.apache.catalina.core.AprLifecycleListener initializeSSL
INFO: OpenSSL successfully initialized with version OpenSSL 1.0.0g 18 Jan 2012
3-mag-2013 23.31.30 org.apache.coyote.http11.Http11AprProtocol init
INFO: Initializing Coyote HTTP/1.1 on http-8080
3-mag-2013 23.31.30 org.apache.coyote.ajp.AjpAprProtocol init
INFO: Initializing Coyote AJP/1.3 on ajp-8009
3-mag-2013 23.31.30 org.apache.catalina.startup.Catalina load
INFO: Initialization processed in 969 ms
3-mag-2013 23.31.30 org.apache.catalina.core.StandardService start
INFO: Starting service Catalina
3-mag-2013 23.31.30 org.apache.catalina.core.StandardEngine start
INFO: Starting Servlet Engine: Apache Tomcat/6.0.36
3-mag-2013 23.31.30 org.apache.catalina.startup.HostConfig deployDescriptor
INFO: Deploying configuration descriptor host-manager.xml
3-mag-2013 23.31.30 org.apache.catalina.startup.HostConfig deployDescriptor
INFO: Deploying configuration descriptor manager.xml
3-mag-2013 23.31.30 org.apache.catalina.startup.HostConfig deployWAR
INFO: Deploying web application archive PresLayerEd.war
3-mag-2013 23.31.32 org.apache.catalina.startup.HostConfig deployWAR
INFO: Deploying web application archive WebSBLGestLogin.war
3-mag-2013 23.31.33 org.apache.catalina.startup.HostConfig deployDirectory
INFO: Deploying web application directory docs
3-mag-2013 23.31.33 org.apache.catalina.startup.HostConfig deployDirectory
INFO: Deploying web application directory examples
3-mag-2013 23.31.33 org.apache.catalina.startup.HostConfig deployDirectory
INFO: Deploying web application directory ROOT
3-mag-2013 23.31.34 org.apache.coyote.http11.Http11AprProtocol start
INFO: Starting Coyote HTTP/1.1 on http-8080
3-mag-2013 23.31.34 org.apache.coyote.ajp.AjpAprProtocol start
INFO: Starting Coyote AJP/1.3 on ajp-8009
3-mag-2013 23.31.34 org.apache.catalina.startup.Catalina start
INFO: Server startup in 3979 ms
3-mag-2013 23.32.13 org.apache.catalina.loader.WebappClassLoader clearReferencesThreads
GRAVE: The web application [/PresLayerEd] appears to have started a thread named [Scheduler_Worker-1] but has failed to stop it. This is very likely to create a memory leak.
3-mag-2013 23.32.13 org.apache.catalina.loader.WebappClassLoader clearReferencesThreads
GRAVE: The web application [/PresLayerEd] appears to have started a thread named [Scheduler_Worker-2] but has failed to stop it. This is very likely to create a memory leak.
3-mag-2013 23.32.13 org.apache.catalina.loader.WebappClassLoader clearReferencesThreads
GRAVE: The web application [/PresLayerEd] appears to have started a thread named [Scheduler_Worker-3] but has failed to stop it. This is very likely to create a memory leak.
3-mag-2013 23.32.13 org.apache.catalina.loader.WebappClassLoader checkThreadLocalMapForLeaks
GRAVE: The web application [/PresLayerEd] created a ThreadLocal with key of type [org.apache.axiom.util.UIDGenerator$1] (value [org.apache.axiom.util.UIDGenerator$1@19ff66f]) and a value of type [long[]] (value [[J@ec1c4d]) but failed to remove it when the web application was stopped. This is very likely to create a memory leak.
3-mag-2013 23.32.13 org.apache.catalina.loader.WebappClassLoader checkThreadLocalMapForLeaks
GRAVE: The web application [/PresLayerEd] created a ThreadLocal with key of type [java.lang.ThreadLocal] (value [java.lang.ThreadLocal@136193e]) and a value of type [com.opensymphony.xwork2.inject.ContainerImpl] (value [com.opensymphony.xwork2.inject.ContainerImpl@b37089]) but failed to remove it when the web application was stopped. This is very likely to create a memory leak.
3-mag-2013 23.32.13 org.apache.catalina.loader.WebappClassLoader checkThreadLocalMapForLeaks
GRAVE: The web application [/PresLayerEd] created a ThreadLocal with key of type [org.apache.axiom.util.UIDGenerator$1] (value [org.apache.axiom.util.UIDGenerator$1@19ff66f]) and a value of type [long[]] (value [[J@a16605]) but failed to remove it when the web application was stopped. This is very likely to create a memory leak.
3-mag-2013 23.32.13 org.apache.catalina.loader.WebappClassLoader checkThreadLocalMapForLeaks
GRAVE: The web application [/PresLayerEd] created a ThreadLocal with key of type [org.apache.axiom.util.UIDGenerator$1] (value [org.apache.axiom.util.UIDGenerator$1@19ff66f]) and a value of type [long[]] (value [[J@30f369]) but failed to remove it when the web application was stopped. This is very likely to create a memory leak.
3-mag-2013 23.32.13 org.apache.catalina.loader.WebappClassLoader checkThreadLocalMapForLeaks
GRAVE: The web application [/PresLayerEd] created a ThreadLocal with key of type [org.apache.axiom.util.UIDGenerator$1] (value [org.apache.axiom.util.UIDGenerator$1@19ff66f]) and a value of type [long[]] (value [[J@1bc850f]) but failed to remove it when the web application was stopped. This is very likely to create a memory leak.
3-mag-2013 23.32.13 org.apache.catalina.loader.WebappClassLoader checkThreadLocalMapForLeaks
GRAVE: The web application [/PresLayerEd] created a ThreadLocal with key of type [java.lang.ThreadLocal] (value [java.lang.ThreadLocal@136193e]) and a value of type [com.opensymphony.xwork2.inject.ContainerImpl] (value [com.opensymphony.xwork2.inject.ContainerImpl@b37089]) but failed to remove it when the web application was stopped. This is very likely to create a memory leak.
3-mag-2013 23.32.14 org.apache.catalina.startup.HostConfig checkResources
INFO: Undeploying context [/PresLayerEd]
3-mag-2013 23.32.19 org.apache.catalina.loader.WebappClassLoader clearReferencesJdbc
GRAVE: The web application [/WebSBLGestLogin] registered the JDBC driver [oracle.jdbc.OracleDriver] but failed to unregister it when the web application was stopped. To prevent a memory leak, the JDBC Driver has been forcibly unregistered.
3-mag-2013 23.32.19 org.apache.catalina.loader.WebappClassLoader checkThreadLocalMapForLeaks
GRAVE: The web application [/WebSBLGestLogin] created a ThreadLocal with key of type [org.apache.axiom.util.UIDGenerator$1] (value [org.apache.axiom.util.UIDGenerator$1@6c01b9]) and a value of type [long[]] (value [[J@e5307e]) but failed to remove it when the web application was stopped. This is very likely to create a memory leak.
3-mag-2013 23.32.20 org.apache.catalina.startup.HostConfig checkResources
INFO: Undeploying context [/WebSBLGestLogin]
3-mag-2013 23.32.30 org.apache.catalina.startup.HostConfig deployWAR
INFO: Deploying web application archive WebSBLGestLogin.war
3-mag-2013 23.32.31 org.apache.catalina.loader.WebappClassLoader loadClass
INFO: Illegal access: this web application instance has been stopped already.  Could not load org.apache.log4j.spi.NOPLoggerRepository.  The eventual following stack trace is caused by an error thrown for debugging purposes as well as to attempt to terminate the thread which caused the illegal access, and has no functional impact.
java.lang.IllegalStateException
	at org.apache.catalina.loader.WebappClassLoader.loadClass(WebappClassLoader.java:1566)
	at org.apache.catalina.loader.WebappClassLoader.loadClass(WebappClassLoader.java:1526)
	at org.apache.log4j.LogManager.getLoggerRepository(LogManager.java:175)
	at org.apache.log4j.LogManager.getLogger(LogManager.java:199)
	at org.apache.log4j.Logger.getLogger(Logger.java:105)
	at org.apache.commons.logging.impl.Log4JLogger.getLogger(Log4JLogger.java:289)
	at org.apache.commons.logging.impl.Log4JLogger.<init>(Log4JLogger.java:109)
	at sun.reflect.NativeConstructorAccessorImpl.newInstance0(Native Method)
	at sun.reflect.NativeConstructorAccessorImpl.newInstance(NativeConstructorAccessorImpl.java:39)
	at sun.reflect.DelegatingConstructorAccessorImpl.newInstance(DelegatingConstructorAccessorImpl.java:27)
	at java.lang.reflect.Constructor.newInstance(Constructor.java:513)
	at org.apache.commons.logging.impl.LogFactoryImpl.createLogFromClass(LogFactoryImpl.java:1116)
	at org.apache.commons.logging.impl.LogFactoryImpl.discoverLogImplementation(LogFactoryImpl.java:914)
	at org.apache.commons.logging.impl.LogFactoryImpl.newInstance(LogFactoryImpl.java:604)
	at org.apache.commons.logging.impl.LogFactoryImpl.getInstance(LogFactoryImpl.java:336)
	at org.apache.commons.logging.impl.LogFactoryImpl.getInstance(LogFactoryImpl.java:310)
	at org.apache.commons.logging.LogFactory.getLog(LogFactory.java:685)
	at org.apache.axis2.util.OnDemandLogger.getLog(OnDemandLogger.java:53)
	at org.apache.axis2.util.OnDemandLogger.isDebugEnabled(OnDemandLogger.java:120)
	at org.apache.axis2.context.ConfigurationContext.shutdownModulesAndServices(ConfigurationContext.java:733)
	at org.apache.axis2.context.ConfigurationContext.terminate(ConfigurationContext.java:775)
	at org.apache.axis2.client.ServiceClient.cleanup(ServiceClient.java:828)
	at org.apache.axis2.client.Stub.cleanup(Stub.java:134)
	at org.apache.axis2.client.Stub.finalize(Stub.java:123)
	at java.lang.ref.Finalizer.invokeFinalizeMethod(Native Method)
	at java.lang.ref.Finalizer.runFinalizer(Finalizer.java:83)
	at java.lang.ref.Finalizer.access$100(Finalizer.java:14)
	at java.lang.ref.Finalizer$FinalizerThread.run(Finalizer.java:160)
3-mag-2013 23.32.31 org.apache.catalina.loader.WebappClassLoader loadClass
INFO: Illegal access: this web application instance has been stopped already.  Could not load org.apache.commons.logging.impl.LogFactoryImpl$3.  The eventual following stack trace is caused by an error thrown for debugging purposes as well as to attempt to terminate the thread which caused the illegal access, and has no functional impact.
java.lang.IllegalStateException
	at org.apache.catalina.loader.WebappClassLoader.loadClass(WebappClassLoader.java:1566)
	at org.apache.catalina.loader.WebappClassLoader.loadClass(WebappClassLoader.java:1526)
	at org.apache.commons.logging.impl.LogFactoryImpl.getParentClassLoader(LogFactoryImpl.java:700)
	at org.apache.commons.logging.impl.LogFactoryImpl.createLogFromClass(LogFactoryImpl.java:1187)
	at org.apache.commons.logging.impl.LogFactoryImpl.discoverLogImplementation(LogFactoryImpl.java:914)
	at org.apache.commons.logging.impl.LogFactoryImpl.newInstance(LogFactoryImpl.java:604)
	at org.apache.commons.logging.impl.LogFactoryImpl.getInstance(LogFactoryImpl.java:336)
	at org.apache.commons.logging.impl.LogFactoryImpl.getInstance(LogFactoryImpl.java:310)
	at org.apache.commons.logging.LogFactory.getLog(LogFactory.java:685)
	at org.apache.axis2.util.OnDemandLogger.getLog(OnDemandLogger.java:53)
	at org.apache.axis2.util.OnDemandLogger.isDebugEnabled(OnDemandLogger.java:120)
	at org.apache.axis2.context.ConfigurationContext.shutdownModulesAndServices(ConfigurationContext.java:733)
	at org.apache.axis2.context.ConfigurationContext.terminate(ConfigurationContext.java:775)
	at org.apache.axis2.client.ServiceClient.cleanup(ServiceClient.java:828)
	at org.apache.axis2.client.Stub.cleanup(Stub.java:134)
	at org.apache.axis2.client.Stub.finalize(Stub.java:123)
	at java.lang.ref.Finalizer.invokeFinalizeMethod(Native Method)
	at java.lang.ref.Finalizer.runFinalizer(Finalizer.java:83)
	at java.lang.ref.Finalizer.access$100(Finalizer.java:14)
	at java.lang.ref.Finalizer$FinalizerThread.run(Finalizer.java:160)
3-mag-2013 23.32.49 org.apache.catalina.startup.HostConfig deployWAR
INFO: Deploying web application archive PresLayerEd.war
