3-mag-2013 22.55.22 org.apache.catalina.core.ApplicationContext log
INFO: HTMLManager: init: Associated with Deployer 'Catalina:type=Deployer,host=localhost'
3-mag-2013 22.55.22 org.apache.catalina.core.ApplicationContext log
INFO: HTMLManager: init: Global resources are available
3-mag-2013 22.55.22 org.apache.catalina.core.ApplicationContext log
INFO: HTMLManager: list: Listing contexts for virtual host 'localhost'
3-mag-2013 22.55.50 org.apache.catalina.core.ApplicationContext log
INFO: HTMLManager: list: Listing contexts for virtual host 'localhost'
3-mag-2013 22.56.15 org.apache.catalina.core.ApplicationContext log
INFO: HTMLManager: list: Listing contexts for virtual host 'localhost'
3-mag-2013 23.23.45 org.apache.catalina.core.ApplicationContext log
INFO: HTMLManager: init: Associated with Deployer 'Catalina:type=Deployer,host=localhost'
3-mag-2013 23.23.46 org.apache.catalina.core.ApplicationContext log
INFO: HTMLManager: init: Global resources are available
3-mag-2013 23.23.46 org.apache.catalina.core.ApplicationContext log
INFO: HTMLManager: list: Listing contexts for virtual host 'localhost'
3-mag-2013 23.24.14 org.apache.catalina.core.ApplicationContext log
INFO: HTMLManager: undeploy: Undeploying web application at '/PresLayerEd'
3-mag-2013 23.24.15 org.apache.catalina.core.ApplicationContext log
INFO: HTMLManager: list: Listing contexts for virtual host 'localhost'
3-mag-2013 23.24.19 org.apache.catalina.core.ApplicationContext log
INFO: HTMLManager: undeploy: Undeploying web application at '/WebSBLGestLogin'
3-mag-2013 23.24.20 org.apache.catalina.core.ApplicationContext log
INFO: HTMLManager: list: Listing contexts for virtual host 'localhost'
3-mag-2013 23.27.21 org.apache.catalina.core.ApplicationContext log
INFO: HTMLManager: list: Listing contexts for virtual host 'localhost'
3-mag-2013 23.27.40 org.apache.catalina.core.ApplicationContext log
INFO: HTMLManager: list: Listing contexts for virtual host 'localhost'
3-mag-2013 23.32.07 org.apache.catalina.core.ApplicationContext log
INFO: HTMLManager: init: Associated with Deployer 'Catalina:type=Deployer,host=localhost'
3-mag-2013 23.32.07 org.apache.catalina.core.ApplicationContext log
INFO: HTMLManager: init: Global resources are available
3-mag-2013 23.32.07 org.apache.catalina.core.ApplicationContext log
INFO: HTMLManager: list: Listing contexts for virtual host 'localhost'
3-mag-2013 23.32.13 org.apache.catalina.core.ApplicationContext log
INFO: HTMLManager: undeploy: Undeploying web application at '/PresLayerEd'
3-mag-2013 23.32.14 org.apache.catalina.core.ApplicationContext log
INFO: HTMLManager: list: Listing contexts for virtual host 'localhost'
3-mag-2013 23.32.19 org.apache.catalina.core.ApplicationContext log
INFO: HTMLManager: undeploy: Undeploying web application at '/WebSBLGestLogin'
3-mag-2013 23.32.20 org.apache.catalina.core.ApplicationContext log
INFO: HTMLManager: list: Listing contexts for virtual host 'localhost'
3-mag-2013 23.32.32 org.apache.catalina.core.ApplicationContext log
INFO: HTMLManager: list: Listing contexts for virtual host 'localhost'
3-mag-2013 23.32.55 org.apache.catalina.core.ApplicationContext log
INFO: HTMLManager: list: Listing contexts for virtual host 'localhost'
